<?xml version="1.0" encoding="UTF-8"?>
<testsuite xmlns:xsi="http://www.w3.org/2001/XMLSchema-instance" xsi:noNamespaceSchemaLocation="https://maven.apache.org/surefire/maven-surefire-plugin/xsd/surefire-test-report.xsd" name="TestSuite" time="175.899" tests="45" errors="0" skipped="40" failures="3">
  <properties>
    <property name="sun.desktop" value="windows"/>
    <property name="awt.toolkit" value="sun.awt.windows.WToolkit"/>
    <property name="file.encoding.pkg" value="sun.io"/>
    <property name="java.specification.version" value="1.8"/>
    <property name="sun.cpu.isalist" value="amd64"/>
    <property name="sun.jnu.encoding" value="Cp1252"/>
    <property name="java.class.path" value="C:\Users\Administrator\Desktop\geico\target\test-classes;C:\Users\Administrator\Desktop\geico\target\classes;C:\Users\Administrator\.m2\repository\org\testng\testng\6.8\testng-6.8.jar;C:\Users\Administrator\.m2\repository\junit\junit\4.10\junit-4.10.jar;C:\Users\Administrator\.m2\repository\org\hamcrest\hamcrest-core\1.1\hamcrest-core-1.1.jar;C:\Users\Administrator\.m2\repository\org\beanshell\bsh\2.0b4\bsh-2.0b4.jar;C:\Users\Administrator\.m2\repository\com\beust\jcommander\1.27\jcommander-1.27.jar;C:\Users\Administrator\.m2\repository\org\yaml\snakeyaml\1.6\snakeyaml-1.6.jar;C:\Users\Administrator\.m2\repository\org\seleniumhq\selenium\selenium-java\3.6.0\selenium-java-3.6.0.jar;C:\Users\Administrator\.m2\repository\org\seleniumhq\selenium\selenium-api\3.6.0\selenium-api-3.6.0.jar;C:\Users\Administrator\.m2\repository\org\seleniumhq\selenium\selenium-chrome-driver\3.6.0\selenium-chrome-driver-3.6.0.jar;C:\Users\Administrator\.m2\repository\org\seleniumhq\selenium\selenium-edge-driver\3.6.0\selenium-edge-driver-3.6.0.jar;C:\Users\Administrator\.m2\repository\org\seleniumhq\selenium\selenium-firefox-driver\3.6.0\selenium-firefox-driver-3.6.0.jar;C:\Users\Administrator\.m2\repository\org\seleniumhq\selenium\selenium-ie-driver\3.6.0\selenium-ie-driver-3.6.0.jar;C:\Users\Administrator\.m2\repository\org\seleniumhq\selenium\selenium-opera-driver\3.6.0\selenium-opera-driver-3.6.0.jar;C:\Users\Administrator\.m2\repository\org\seleniumhq\selenium\selenium-remote-driver\3.6.0\selenium-remote-driver-3.6.0.jar;C:\Users\Administrator\.m2\repository\org\seleniumhq\selenium\selenium-safari-driver\3.6.0\selenium-safari-driver-3.6.0.jar;C:\Users\Administrator\.m2\repository\org\seleniumhq\selenium\selenium-support\3.6.0\selenium-support-3.6.0.jar;C:\Users\Administrator\.m2\repository\net\bytebuddy\byte-buddy\1.7.5\byte-buddy-1.7.5.jar;C:\Users\Administrator\.m2\repository\org\apache\commons\commons-exec\1.3\commons-exec-1.3.jar;C:\Users\Administrator\.m2\repository\commons-codec\commons-codec\1.10\commons-codec-1.10.jar;C:\Users\Administrator\.m2\repository\commons-logging\commons-logging\1.2\commons-logging-1.2.jar;C:\Users\Administrator\.m2\repository\com\google\code\gson\gson\2.8.0\gson-2.8.0.jar;C:\Users\Administrator\.m2\repository\com\google\guava\guava\23.0\guava-23.0.jar;C:\Users\Administrator\.m2\repository\com\google\code\findbugs\jsr305\1.3.9\jsr305-1.3.9.jar;C:\Users\Administrator\.m2\repository\com\google\errorprone\error_prone_annotations\2.0.18\error_prone_annotations-2.0.18.jar;C:\Users\Administrator\.m2\repository\com\google\j2objc\j2objc-annotations\1.1\j2objc-annotations-1.1.jar;C:\Users\Administrator\.m2\repository\org\codehaus\mojo\animal-sniffer-annotations\1.14\animal-sniffer-annotations-1.14.jar;C:\Users\Administrator\.m2\repository\org\apache\httpcomponents\httpclient\4.5.3\httpclient-4.5.3.jar;C:\Users\Administrator\.m2\repository\org\apache\httpcomponents\httpcore\4.4.6\httpcore-4.4.6.jar;C:\Users\Administrator\.m2\repository\net\java\dev\jna\jna\4.1.0\jna-4.1.0.jar;C:\Users\Administrator\.m2\repository\net\java\dev\jna\jna-platform\4.1.0\jna-platform-4.1.0.jar;C:\Users\Administrator\.m2\repository\org\apache\poi\poi\3.17\poi-3.17.jar;C:\Users\Administrator\.m2\repository\org\apache\commons\commons-collections4\4.1\commons-collections4-4.1.jar;C:\Users\Administrator\.m2\repository\org\apache\poi\poi-ooxml\3.17\poi-ooxml-3.17.jar;C:\Users\Administrator\.m2\repository\org\apache\poi\poi-ooxml-schemas\3.17\poi-ooxml-schemas-3.17.jar;C:\Users\Administrator\.m2\repository\org\apache\xmlbeans\xmlbeans\2.6.0\xmlbeans-2.6.0.jar;C:\Users\Administrator\.m2\repository\stax\stax-api\1.0.1\stax-api-1.0.1.jar;C:\Users\Administrator\.m2\repository\com\github\virtuald\curvesapi\1.04\curvesapi-1.04.jar;C:\Users\Administrator\.m2\repository\org\apache\maven\surefire\surefire-testng-utils\2.20.1\surefire-testng-utils-2.20.1.jar;C:\Users\Administrator\.m2\repository\org\apache\maven\surefire\surefire-grouper\2.20.1\surefire-grouper-2.20.1.jar;"/>
    <property name="java.vm.vendor" value="Oracle Corporation"/>
    <property name="sun.arch.data.model" value="64"/>
    <property name="user.variant" value=""/>
    <property name="java.vendor.url" value="http://java.oracle.com/"/>
    <property name="user.timezone" value=""/>
    <property name="java.vm.specification.version" value="1.8"/>
    <property name="os.name" value="Windows 7"/>
    <property name="user.country" value="US"/>
    <property name="sun.java.launcher" value="SUN_STANDARD"/>
    <property name="sun.boot.library.path" value="C:\Program Files\Java\jdk1.8.0_152\jre\bin"/>
    <property name="sun.java.command" value="C:\Users\ADMINI~1\AppData\Local\Temp\surefire5604683040120627167\surefirebooter2973456411760173791.jar C:\Users\Administrator\AppData\Local\Temp\surefire5604683040120627167 2018-02-05T17-57-35_397-jvmRun1 surefire6085311111734675500tmp surefire_078703049434734943tmp"/>
    <property name="surefire.test.class.path" value="C:\Users\Administrator\Desktop\geico\target\test-classes;C:\Users\Administrator\Desktop\geico\target\classes;C:\Users\Administrator\.m2\repository\org\testng\testng\6.8\testng-6.8.jar;C:\Users\Administrator\.m2\repository\junit\junit\4.10\junit-4.10.jar;C:\Users\Administrator\.m2\repository\org\hamcrest\hamcrest-core\1.1\hamcrest-core-1.1.jar;C:\Users\Administrator\.m2\repository\org\beanshell\bsh\2.0b4\bsh-2.0b4.jar;C:\Users\Administrator\.m2\repository\com\beust\jcommander\1.27\jcommander-1.27.jar;C:\Users\Administrator\.m2\repository\org\yaml\snakeyaml\1.6\snakeyaml-1.6.jar;C:\Users\Administrator\.m2\repository\org\seleniumhq\selenium\selenium-java\3.6.0\selenium-java-3.6.0.jar;C:\Users\Administrator\.m2\repository\org\seleniumhq\selenium\selenium-api\3.6.0\selenium-api-3.6.0.jar;C:\Users\Administrator\.m2\repository\org\seleniumhq\selenium\selenium-chrome-driver\3.6.0\selenium-chrome-driver-3.6.0.jar;C:\Users\Administrator\.m2\repository\org\seleniumhq\selenium\selenium-edge-driver\3.6.0\selenium-edge-driver-3.6.0.jar;C:\Users\Administrator\.m2\repository\org\seleniumhq\selenium\selenium-firefox-driver\3.6.0\selenium-firefox-driver-3.6.0.jar;C:\Users\Administrator\.m2\repository\org\seleniumhq\selenium\selenium-ie-driver\3.6.0\selenium-ie-driver-3.6.0.jar;C:\Users\Administrator\.m2\repository\org\seleniumhq\selenium\selenium-opera-driver\3.6.0\selenium-opera-driver-3.6.0.jar;C:\Users\Administrator\.m2\repository\org\seleniumhq\selenium\selenium-remote-driver\3.6.0\selenium-remote-driver-3.6.0.jar;C:\Users\Administrator\.m2\repository\org\seleniumhq\selenium\selenium-safari-driver\3.6.0\selenium-safari-driver-3.6.0.jar;C:\Users\Administrator\.m2\repository\org\seleniumhq\selenium\selenium-support\3.6.0\selenium-support-3.6.0.jar;C:\Users\Administrator\.m2\repository\net\bytebuddy\byte-buddy\1.7.5\byte-buddy-1.7.5.jar;C:\Users\Administrator\.m2\repository\org\apache\commons\commons-exec\1.3\commons-exec-1.3.jar;C:\Users\Administrator\.m2\repository\commons-codec\commons-codec\1.10\commons-codec-1.10.jar;C:\Users\Administrator\.m2\repository\commons-logging\commons-logging\1.2\commons-logging-1.2.jar;C:\Users\Administrator\.m2\repository\com\google\code\gson\gson\2.8.0\gson-2.8.0.jar;C:\Users\Administrator\.m2\repository\com\google\guava\guava\23.0\guava-23.0.jar;C:\Users\Administrator\.m2\repository\com\google\code\findbugs\jsr305\1.3.9\jsr305-1.3.9.jar;C:\Users\Administrator\.m2\repository\com\google\errorprone\error_prone_annotations\2.0.18\error_prone_annotations-2.0.18.jar;C:\Users\Administrator\.m2\repository\com\google\j2objc\j2objc-annotations\1.1\j2objc-annotations-1.1.jar;C:\Users\Administrator\.m2\repository\org\codehaus\mojo\animal-sniffer-annotations\1.14\animal-sniffer-annotations-1.14.jar;C:\Users\Administrator\.m2\repository\org\apache\httpcomponents\httpclient\4.5.3\httpclient-4.5.3.jar;C:\Users\Administrator\.m2\repository\org\apache\httpcomponents\httpcore\4.4.6\httpcore-4.4.6.jar;C:\Users\Administrator\.m2\repository\net\java\dev\jna\jna\4.1.0\jna-4.1.0.jar;C:\Users\Administrator\.m2\repository\net\java\dev\jna\jna-platform\4.1.0\jna-platform-4.1.0.jar;C:\Users\Administrator\.m2\repository\org\apache\poi\poi\3.17\poi-3.17.jar;C:\Users\Administrator\.m2\repository\org\apache\commons\commons-collections4\4.1\commons-collections4-4.1.jar;C:\Users\Administrator\.m2\repository\org\apache\poi\poi-ooxml\3.17\poi-ooxml-3.17.jar;C:\Users\Administrator\.m2\repository\org\apache\poi\poi-ooxml-schemas\3.17\poi-ooxml-schemas-3.17.jar;C:\Users\Administrator\.m2\repository\org\apache\xmlbeans\xmlbeans\2.6.0\xmlbeans-2.6.0.jar;C:\Users\Administrator\.m2\repository\stax\stax-api\1.0.1\stax-api-1.0.1.jar;C:\Users\Administrator\.m2\repository\com\github\virtuald\curvesapi\1.04\curvesapi-1.04.jar;C:\Users\Administrator\.m2\repository\org\apache\maven\surefire\surefire-testng-utils\2.20.1\surefire-testng-utils-2.20.1.jar;C:\Users\Administrator\.m2\repository\org\apache\maven\surefire\surefire-grouper\2.20.1\surefire-grouper-2.20.1.jar;"/>
    <property name="sun.cpu.endian" value="little"/>
    <property name="user.home" value="C:\Users\Administrator"/>
    <property name="user.language" value="en"/>
    <property name="java.specification.vendor" value="Oracle Corporation"/>
    <property name="java.home" value="C:\Program Files\Java\jdk1.8.0_152\jre"/>
    <property name="basedir" value="C:\Users\Administrator\Desktop\geico"/>
    <property name="file.separator" value="\"/>
    <property name="line.separator" value="&#10;"/>
    <property name="java.vm.specification.vendor" value="Oracle Corporation"/>
    <property name="java.specification.name" value="Java Platform API Specification"/>
    <property name="java.awt.graphicsenv" value="sun.awt.Win32GraphicsEnvironment"/>
    <property name="surefire.real.class.path" value="C:\Users\ADMINI~1\AppData\Local\Temp\surefire5604683040120627167\surefirebooter2973456411760173791.jar"/>
    <property name="sun.boot.class.path" value="C:\Program Files\Java\jdk1.8.0_152\jre\lib\resources.jar;C:\Program Files\Java\jdk1.8.0_152\jre\lib\rt.jar;C:\Program Files\Java\jdk1.8.0_152\jre\lib\sunrsasign.jar;C:\Program Files\Java\jdk1.8.0_152\jre\lib\jsse.jar;C:\Program Files\Java\jdk1.8.0_152\jre\lib\jce.jar;C:\Program Files\Java\jdk1.8.0_152\jre\lib\charsets.jar;C:\Program Files\Java\jdk1.8.0_152\jre\lib\jfr.jar;C:\Program Files\Java\jdk1.8.0_152\jre\classes"/>
    <property name="user.script" value=""/>
    <property name="sun.management.compiler" value="HotSpot 64-Bit Tiered Compilers"/>
    <property name="java.runtime.version" value="1.8.0_152-b16"/>
    <property name="user.name" value="Administrator"/>
    <property name="path.separator" value=";"/>
    <property name="os.version" value="6.1"/>
    <property name="java.endorsed.dirs" value="C:\Program Files\Java\jdk1.8.0_152\jre\lib\endorsed"/>
    <property name="java.runtime.name" value="Java(TM) SE Runtime Environment"/>
    <property name="file.encoding" value="Cp1252"/>
    <property name="java.vm.name" value="Java HotSpot(TM) 64-Bit Server VM"/>
    <property name="localRepository" value="C:\Users\Administrator\.m2\repository"/>
    <property name="java.vendor.url.bug" value="http://bugreport.sun.com/bugreport/"/>
    <property name="java.io.tmpdir" value="C:\Users\ADMINI~1\AppData\Local\Temp\"/>
    <property name="idea.version" value="2017.3.1"/>
    <property name="java.version" value="1.8.0_152"/>
    <property name="user.dir" value="C:\Users\Administrator\Desktop\geico"/>
    <property name="os.arch" value="amd64"/>
    <property name="java.vm.specification.name" value="Java Virtual Machine Specification"/>
    <property name="java.awt.printerjob" value="sun.awt.windows.WPrinterJob"/>
    <property name="sun.os.patch.level" value="Service Pack 1"/>
    <property name="java.library.path" value="C:\Program Files\Java\jdk1.8.0_152\jre\bin;C:\Windows\Sun\Java\bin;C:\Windows\system32;C:\Windows;C:\ProgramData\Oracle\Java\javapath;C:\Windows\system32;C:\Windows;C:\Windows\System32\Wbem;C:\Windows\System32\WindowsPowerShell\v1.0\;C:\Program Files (x86)\Skype\Phone\;C:\ProgramData\chocolatey\bin;C:\Program Files\PuTTY\;C:\Program Files\Java\jdk1.8.0_152\bin;C:\Program Files\Git\cmd;."/>
    <property name="java.vm.info" value="mixed mode"/>
    <property name="java.vendor" value="Oracle Corporation"/>
    <property name="java.vm.version" value="25.152-b16"/>
    <property name="java.ext.dirs" value="C:\Program Files\Java\jdk1.8.0_152\jre\lib\ext;C:\Windows\Sun\Java\lib\ext"/>
    <property name="sun.io.unicode.encoding" value="UnicodeLittle"/>
    <property name="java.class.version" value="52.0"/>
  </properties>
  <testcase name="test" classname="com.geico.com.QuotaTest" time="20.594"/>
  <testcase name="vehiclePositiveTest" classname="com.geico.com.QuotaTest" time="29.673"/>
  <testcase name="driverInfoTest" classname="com.geico.com.QuotaTest" time="24.47">
    <failure message="Unable to locate element: .//*[@id=&apos;maritalStatus&apos;]&#10;For documentation on this error, please visit: http://seleniumhq.org/exceptions/no_such_element.html&#10;Build info: version: &apos;3.6.0&apos;, revision: &apos;6fbf3ec767&apos;, time: &apos;2017-09-27T15:28:36.4Z&apos;&#10;System info: host: &apos;MCTEST&apos;, ip: &apos;10.5.4.156&apos;, os.name: &apos;Windows 7&apos;, os.arch: &apos;amd64&apos;, os.version: &apos;6.1&apos;, java.version: &apos;1.8.0_152&apos;&#10;Driver info: org.openqa.selenium.firefox.FirefoxDriver&#10;Capabilities [{moz:profile=C:\Users\Administrator\AppData\Local\Temp\rust_mozprofile.p6fZm4LcA48C, rotatable=false, timeouts={implicit=0, pageLoad=300000, script=30000}, pageLoadStrategy=normal, moz:headless=false, platform=XP, moz:accessibilityChecks=false, acceptInsecureCerts=true, browserVersion=57.0.2, platformVersion=6.1, moz:processID=7112, browserName=firefox, javascriptEnabled=true, platformName=XP, moz:webdriverClick=false}]&#10;Session ID: a8920d16-ac61-46c0-80fb-43980b2a4d82&#10;*** Element info: {Using=xpath, value=.//*[@id=&apos;maritalStatus&apos;]}" type="org.openqa.selenium.NoSuchElementException">org.openqa.selenium.NoSuchElementException: 
Unable to locate element: .//*[@id='maritalStatus']
For documentation on this error, please visit: http://seleniumhq.org/exceptions/no_such_element.html
Build info: version: '3.6.0', revision: '6fbf3ec767', time: '2017-09-27T15:28:36.4Z'
System info: host: 'MCTEST', ip: '10.5.4.156', os.name: 'Windows 7', os.arch: 'amd64', os.version: '6.1', java.version: '1.8.0_152'
Driver info: org.openqa.selenium.firefox.FirefoxDriver
Capabilities [{moz:profile=C:\Users\Administrator\AppData\Local\Temp\rust_mozprofile.p6fZm4LcA48C, rotatable=false, timeouts={implicit=0, pageLoad=300000, script=30000}, pageLoadStrategy=normal, moz:headless=false, platform=XP, moz:accessibilityChecks=false, acceptInsecureCerts=true, browserVersion=57.0.2, platformVersion=6.1, moz:processID=7112, browserName=firefox, javascriptEnabled=true, platformName=XP, moz:webdriverClick=false}]
Session ID: a8920d16-ac61-46c0-80fb-43980b2a4d82
*** Element info: {Using=xpath, value=.//*[@id='maritalStatus']}
	at com.geico.com.QuotaTest.driverInfoTest(QuotaTest.java:103)
</failure>
  </testcase>
  <testcase name="discountsandcontactinfo" classname="com.geico.com.QuotaTest" time="0">
    <skipped/>
  </testcase>
  <testcase name="quota" classname="com.geico.com.QuotaTest" time="0">
    <skipped/>
  </testcase>
  <testcase name="dataReader" classname="com.geico.com.DataTest" time="0.187">
    <failure message="Unable to locate element: .//*[@id=&apos;submitButton&apos;]&#10;For documentation on this error, please visit: http://seleniumhq.org/exceptions/no_such_element.html&#10;Build info: version: &apos;3.6.0&apos;, revision: &apos;6fbf3ec767&apos;, time: &apos;2017-09-27T15:28:36.4Z&apos;&#10;System info: host: &apos;MCTEST&apos;, ip: &apos;10.5.4.156&apos;, os.name: &apos;Windows 7&apos;, os.arch: &apos;amd64&apos;, os.version: &apos;6.1&apos;, java.version: &apos;1.8.0_152&apos;&#10;Driver info: org.openqa.selenium.firefox.FirefoxDriver&#10;Capabilities [{moz:profile=C:\Users\Administrator\AppData\Local\Temp\rust_mozprofile.z3V2LfoT9kdx, rotatable=false, timeouts={implicit=0, pageLoad=300000, script=30000}, pageLoadStrategy=normal, moz:headless=false, platform=XP, moz:accessibilityChecks=false, acceptInsecureCerts=true, browserVersion=57.0.2, platformVersion=6.1, moz:processID=6592, browserName=firefox, javascriptEnabled=true, platformName=XP, moz:webdriverClick=false}]&#10;Session ID: 51af9886-9d90-403b-925b-89622f700832&#10;*** Element info: {Using=xpath, value=.//*[@id=&apos;submitButton&apos;]}" type="org.openqa.selenium.NoSuchElementException">org.openqa.selenium.NoSuchElementException: 
Unable to locate element: .//*[@id='submitButton']
For documentation on this error, please visit: http://seleniumhq.org/exceptions/no_such_element.html
Build info: version: '3.6.0', revision: '6fbf3ec767', time: '2017-09-27T15:28:36.4Z'
System info: host: 'MCTEST', ip: '10.5.4.156', os.name: 'Windows 7', os.arch: 'amd64', os.version: '6.1', java.version: '1.8.0_152'
Driver info: org.openqa.selenium.firefox.FirefoxDriver
Capabilities [{moz:profile=C:\Users\Administrator\AppData\Local\Temp\rust_mozprofile.z3V2LfoT9kdx, rotatable=false, timeouts={implicit=0, pageLoad=300000, script=30000}, pageLoadStrategy=normal, moz:headless=false, platform=XP, moz:accessibilityChecks=false, acceptInsecureCerts=true, browserVersion=57.0.2, platformVersion=6.1, moz:processID=6592, browserName=firefox, javascriptEnabled=true, platformName=XP, moz:webdriverClick=false}]
Session ID: 51af9886-9d90-403b-925b-89622f700832
*** Element info: {Using=xpath, value=.//*[@id='submitButton']}
	at com.geico.com.DataTest.dataReader(DataTest.java:33)
</failure>
    <system-err><![CDATA[1517871618933	Marionette	DEBUG	Received DOM event "beforeunload" for "https://auto-buy.geico.com/nb#/sale/vehicle/gskmsi/"
1517871619090	Marionette	DEBUG	Received DOM event "pagehide" for "https://auto-buy.geico.com/nb#/sale/vehicle/gskmsi/"
1517871619188	Marionette	DEBUG	Received DOM event "unload" for "https://auto-buy.geico.com/nb#/sale/vehicle/gskmsi/"
1517871620485	Marionette	DEBUG	Received observer notification "outer-window-destroyed" for "4294967313"
1517871620486	Marionette	DEBUG	Received observer notification "outer-window-destroyed" for "4294967319"
1517871620607	Marionette	DEBUG	Received observer notification "outer-window-destroyed" for "4294967323"
1517871620936	Marionette	DEBUG	Received DOM event "DOMContentLoaded" for "https://www.geico.com/"
1517871621833	Marionette	DEBUG	Received DOM event "pageshow" for "https://www.geico.com/"
]]></system-err>
  </testcase>
  <testcase name="dataReader" classname="com.geico.com.DataTest" time="0">
    <skipped/>
  </testcase>
  <testcase name="dataReader" classname="com.geico.com.DataTest" time="0">
    <skipped/>
  </testcase>
  <testcase name="dataReader" classname="com.geico.com.DataTest" time="0">
    <skipped/>
  </testcase>
  <testcase name="dataReader" classname="com.geico.com.DataTest" time="0">
    <skipped/>
  </testcase>
  <testcase name="dataReader" classname="com.geico.com.DataTest" time="0">
    <skipped/>
  </testcase>
  <testcase name="dataReader" classname="com.geico.com.DataTest" time="0">
    <skipped/>
  </testcase>
  <testcase name="dataReader" classname="com.geico.com.DataTest" time="0">
    <skipped/>
  </testcase>
  <testcase name="dataReader" classname="com.geico.com.DataTest" time="0">
    <skipped/>
  </testcase>
  <testcase name="dataReader" classname="com.geico.com.DataTest" time="0">
    <skipped/>
  </testcase>
  <testcase name="dataReader" classname="com.geico.com.DataTest" time="0">
    <skipped/>
  </testcase>
  <testcase name="dataReader" classname="com.geico.com.DataTest" time="0">
    <skipped/>
  </testcase>
  <testcase name="dataReader" classname="com.geico.com.DataTest" time="0">
    <skipped/>
  </testcase>
  <testcase name="dataReader" classname="com.geico.com.DataTest" time="0">
    <skipped/>
  </testcase>
  <testcase name="dataReader" classname="com.geico.com.DataTest" time="0">
    <skipped/>
  </testcase>
  <testcase name="dataReader" classname="com.geico.com.DataTest" time="0">
    <skipped/>
  </testcase>
  <testcase name="dataReader" classname="com.geico.com.DataTest" time="0">
    <skipped/>
  </testcase>
  <testcase name="dataReader" classname="com.geico.com.DataTest" time="0">
    <skipped/>
  </testcase>
  <testcase name="dataReader" classname="com.geico.com.DataTest" time="0">
    <skipped/>
  </testcase>
  <testcase name="dataReader" classname="com.geico.com.DataTest" time="0">
    <skipped/>
  </testcase>
  <testcase name="setUp" classname="com.geico.com.DataTest" time="8.143">
    <failure message="java.net.SocketException: Connection reset&#10;Build info: version: &apos;3.6.0&apos;, revision: &apos;6fbf3ec767&apos;, time: &apos;2017-09-27T15:28:36.4Z&apos;&#10;System info: host: &apos;MCTEST&apos;, ip: &apos;10.5.4.156&apos;, os.name: &apos;Windows 7&apos;, os.arch: &apos;amd64&apos;, os.version: &apos;6.1&apos;, java.version: &apos;1.8.0_152&apos;&#10;Driver info: driver.version: RemoteWebDriver" type="org.openqa.selenium.WebDriverException">org.openqa.selenium.WebDriverException: 
java.net.SocketException: Connection reset
Build info: version: '3.6.0', revision: '6fbf3ec767', time: '2017-09-27T15:28:36.4Z'
System info: host: 'MCTEST', ip: '10.5.4.156', os.name: 'Windows 7', os.arch: 'amd64', os.version: '6.1', java.version: '1.8.0_152'
Driver info: driver.version: RemoteWebDriver
	at com.geico.com.DataTest.setUp(DataTest.java:25)
Caused by: java.net.SocketException: Connection reset
	at com.geico.com.DataTest.setUp(DataTest.java:25)
</failure>
    <system-err><![CDATA[1517871625783	Marionette	DEBUG	Received DOM event "beforeunload" for "https://www.geico.com/"
1517871625943	Marionette	DEBUG	Received DOM event "pagehide" for "https://www.geico.com/"
1517871625948	Marionette	DEBUG	Received DOM event "unload" for "https://www.geico.com/"
1517871627777	Marionette	DEBUG	Received observer notification "outer-window-destroyed" for "4294967324"
1517871628491	Marionette	DEBUG	Received observer notification "outer-window-destroyed" for "4294967328"
1517871628922	Marionette	DEBUG	Received DOM event "DOMContentLoaded" for "https://www.geico.com/"
]]></system-err>
  </testcase>
  <testcase name="setUp" classname="com.geico.com.DataTest" time="0">
    <skipped/>
  </testcase>
  <testcase name="setUp" classname="com.geico.com.DataTest" time="0">
    <skipped/>
  </testcase>
  <testcase name="setUp" classname="com.geico.com.DataTest" time="0">
    <skipped/>
  </testcase>
  <testcase name="setUp" classname="com.geico.com.DataTest" time="0">
    <skipped/>
  </testcase>
  <testcase name="setUp" classname="com.geico.com.DataTest" time="0">
    <skipped/>
  </testcase>
  <testcase name="setUp" classname="com.geico.com.DataTest" time="0">
    <skipped/>
  </testcase>
  <testcase name="setUp" classname="com.geico.com.DataTest" time="0">
    <skipped/>
  </testcase>
  <testcase name="setUp" classname="com.geico.com.DataTest" time="0">
    <skipped/>
  </testcase>
  <testcase name="setUp" classname="com.geico.com.DataTest" time="0">
    <skipped/>
  </testcase>
  <testcase name="setUp" classname="com.geico.com.DataTest" time="0">
    <skipped/>
  </testcase>
  <testcase name="setUp" classname="com.geico.com.DataTest" time="0">
    <skipped/>
  </testcase>
  <testcase name="setUp" classname="com.geico.com.DataTest" time="0">
    <skipped/>
  </testcase>
  <testcase name="setUp" classname="com.geico.com.DataTest" time="0">
    <skipped/>
  </testcase>
  <testcase name="setUp" classname="com.geico.com.DataTest" time="0">
    <skipped/>
  </testcase>
  <testcase name="setUp" classname="com.geico.com.DataTest" time="0">
    <skipped/>
  </testcase>
  <testcase name="setUp" classname="com.geico.com.DataTest" time="0">
    <skipped/>
  </testcase>
  <testcase name="setUp" classname="com.geico.com.DataTest" time="0">
    <skipped/>
  </testcase>
  <testcase name="setUp" classname="com.geico.com.DataTest" time="0">
    <skipped/>
  </testcase>
  <testcase name="cleanUp" classname="com.geico.com.DataTest" time="0">
    <skipped/>
  </testcase>
</testsuite>